<?xml version="1.0" encoding="UTF-8"?>
<testng-results ignored="0" total="1" passed="1" failed="0" skipped="0">
  <reporter-output>
    <line>
      <![CDATA[Test case Ppassed]]>
    </line>
  </reporter-output>
  <suite started-at="2024-07-09T17:24:57 IST" name="Default suite" finished-at="2024-07-09T17:25:31 IST" duration-ms="33839">
    <groups>
    </groups>
    <test started-at="2024-07-09T17:24:57 IST" name="Default test" finished-at="2024-07-09T17:25:31 IST" duration-ms="33839">
      <class name="amazon_Scenarios.TestCase1">
        <test-method signature="login_to_amazon()[pri:0, instance:amazon_Scenarios.TestCase1@4f2b503c]" started-at="2024-07-09T17:24:57 IST" name="login_to_amazon" finished-at="2024-07-09T17:25:30 IST" duration-ms="33207" status="PASS">
          <reporter-output>
            <line>
              <![CDATA[Test case Ppassed]]>
            </line>
          </reporter-output>
        </test-method> <!-- login_to_amazon -->
      </class> <!-- amazon_Scenarios.TestCase1 -->
    </test> <!-- Default test -->
  </suite> <!-- Default suite -->
</testng-results>
